#
# There is insufficient memory for the Java Runtime Environment to continue.
# Native memory allocation (malloc) failed to allocate 1048576 bytes for AllocateHeap
# Possible reasons:
#   The system is out of physical RAM or swap space
#   The process is running with CompressedOops enabled, and the Java Heap may be blocking the growth of the native heap
# Possible solutions:
#   Reduce memory load on the system
#   Increase physical memory or swap space
#   Check if swap backing store is full
#   Decrease Java heap size (-Xmx/-Xms)
#   Decrease number of Java threads
#   Decrease Java thread stack sizes (-Xss)
#   Set larger code cache with -XX:ReservedCodeCacheSize=
#   JVM is running with Unscaled Compressed Oops mode in which the Java heap is
#     placed in the first 4GB address space. The Java Heap base address is the
#     maximum limit for the native heap growth. Please use -XX:HeapBaseMinAddress
#     to set the Java Heap base and to place the Java Heap above 4GB virtual address.
# This output file may be truncated or incomplete.
#
#  Out of Memory Error (memory/allocation.inline.hpp:61), pid=26452, tid=0x0000000000004238
#
# JRE version:  (8.0_321-b07) (build )
# Java VM: Java HotSpot(TM) 64-Bit Server VM (25.321-b07 mixed mode windows-amd64 compressed oops)
# Failed to write core dump. Minidumps are not enabled by default on client versions of Windows
#

---------------  T H R E A D  ---------------

Current thread (0x000001d514a9d800):  JavaThread "Unknown thread" [_thread_in_vm, id=16952, stack(0x000000909a300000,0x000000909a400000)]

Stack: [0x000000909a300000,0x000000909a400000]
Native frames: (J=compiled Java code, j=interpreted, Vv=VM code, C=native code)
V  [jvm.dll+0x32fc49]
V  [jvm.dll+0x2761a2]
V  [jvm.dll+0x276e4d]
V  [jvm.dll+0x26d7f5]
V  [jvm.dll+0x509d]
V  [jvm.dll+0x3cafcc]
V  [jvm.dll+0x3c7337]
V  [jvm.dll+0xfd2ff]
V  [jvm.dll+0x20a8eb]
V  [jvm.dll+0x239417]
V  [jvm.dll+0x162e26]
C  [javaw.exe+0x2322]
C  [javaw.exe+0x16544]
C  [KERNEL32.DLL+0x154e0]
C  [ntdll.dll+0x485b]


---------------  P R O C E S S  ---------------

Java Threads: ( => current thread )

Other Threads:

=>0x000001d514a9d800 (exited) JavaThread "Unknown thread" [_thread_in_vm, id=16952, stack(0x000000909a300000,0x000000909a400000)]

VM state:not at safepoint (normal execution)

VM Mutex/Monitor currently owned by a thread: None

heap address: 0x0000000081e00000, size: 2018 MB, Compressed Oops mode: 32-bit
Narrow klass base: 0x0000000000000000, Narrow klass shift: 3
Compressed class space size: 1073741824 Address: 0x0000000100000000

Heap:
 PSYoungGen      total 38400K, used 665K [0x00000000d5f80000, 0x00000000d8a00000, 0x0000000100000000)
  eden space 33280K, 2% used [0x00000000d5f80000,0x00000000d6026670,0x00000000d8000000)
  from space 5120K, 0% used [0x00000000d8500000,0x00000000d8500000,0x00000000d8a00000)
  to   space 5120K, 0% used [0x00000000d8000000,0x00000000d8000000,0x00000000d8500000)
 ParOldGen       total 87552K, used 0K [0x0000000081e00000, 0x0000000087380000, 0x00000000d5f80000)
  object space 87552K, 0% used [0x0000000081e00000,0x0000000081e00000,0x0000000087380000)
 Metaspace       used 778K, capacity 4480K, committed 4480K, reserved 1056768K
  class space    used 76K, capacity 384K, committed 384K, reserved 1048576K

Card table byte_map: [0x000001d5257d0000,0x000001d525bd0000] byte_map_base: 0x000001d5253c1000

Marking Bits: (ParMarkBitMap*) 0x0000000051889030
 Begin Bits: [0x000001d525e80000, 0x000001d527e08000)
 End Bits:   [0x000001d527e08000, 0x000001d529d90000)

Polling page: 0x000001d514c00000

CodeCache: size=245760Kb used=329Kb max_used=329Kb free=245430Kb
 bounds [0x000001d516410000, 0x000001d516680000, 0x000001d525410000]
 total_blobs=58 nmethods=0 adapters=38
 compilation: enabled

Compilation events (0 events):
No events

GC Heap History (0 events):
No events

Deoptimization events (0 events):
No events

Classes redefined (0 events):
No events

Internal exceptions (0 events):
No events

Events (10 events):
Event: 0.021 loading class java/lang/Short
Event: 0.021 loading class java/lang/Short done
Event: 0.021 loading class java/lang/Integer
Event: 0.021 loading class java/lang/Integer done
Event: 0.021 loading class java/lang/Long
Event: 0.021 loading class java/lang/Long done
Event: 0.022 loading class java/lang/NullPointerException
Event: 0.022 loading class java/lang/NullPointerException done
Event: 0.022 loading class java/lang/ArithmeticException
Event: 0.022 loading class java/lang/ArithmeticException done


Dynamic libraries:
0x00007ff76d170000 - 0x00007ff76d1b7000 	C:\Program Files\Java\jdk1.8.0_321\bin\javaw.exe
0x00007ffccbd40000 - 0x00007ffccbf49000 	C:\Windows\SYSTEM32\ntdll.dll
0x00007ffcca370000 - 0x00007ffcca42d000 	C:\Windows\System32\KERNEL32.DLL
0x00007ffcc9820000 - 0x00007ffcc9b99000 	C:\Windows\System32\KERNELBASE.dll
0x00007ffcc9bd0000 - 0x00007ffcc9c7e000 	C:\Windows\System32\ADVAPI32.dll
0x00007ffcca1a0000 - 0x00007ffcca243000 	C:\Windows\System32\msvcrt.dll
0x00007ffccaf40000 - 0x00007ffccafde000 	C:\Windows\System32\sechost.dll
0x00007ffccb620000 - 0x00007ffccb740000 	C:\Windows\System32\RPCRT4.dll
0x00007ffccb170000 - 0x00007ffccb31c000 	C:\Windows\System32\USER32.dll
0x00007ffcc9ba0000 - 0x00007ffcc9bc6000 	C:\Windows\System32\win32u.dll
0x00007ffcca260000 - 0x00007ffcca289000 	C:\Windows\System32\GDI32.dll
0x00007ffcc9220000 - 0x00007ffcc9332000 	C:\Windows\System32\gdi32full.dll
0x00007ffcc9660000 - 0x00007ffcc96fd000 	C:\Windows\System32\msvcp_win.dll
0x00007ffcc9700000 - 0x00007ffcc9811000 	C:\Windows\System32\ucrtbase.dll
0x00007ffcbb2b0000 - 0x00007ffcbb555000 	C:\Windows\WinSxS\amd64_microsoft.windows.common-controls_6595b64144ccf1df_6.0.22000.120_none_9d947278b86cc467\COMCTL32.dll
0x00007ffccb420000 - 0x00007ffccb451000 	C:\Windows\System32\IMM32.DLL
0x00007ffcba5e0000 - 0x00007ffcba5f5000 	C:\Program Files\Java\jdk1.8.0_321\jre\bin\vcruntime140.dll
0x00007ffcaedb0000 - 0x00007ffcaee4b000 	C:\Program Files\Java\jdk1.8.0_321\jre\bin\msvcp140.dll
0x00000000510a0000 - 0x0000000051901000 	C:\Program Files\Java\jdk1.8.0_321\jre\bin\server\jvm.dll
0x00007ffcca430000 - 0x00007ffcca438000 	C:\Windows\System32\PSAPI.DLL
0x00007ffcc52b0000 - 0x00007ffcc52b9000 	C:\Windows\SYSTEM32\WSOCK32.dll
0x00007ffc8edd0000 - 0x00007ffc8ee03000 	C:\Windows\SYSTEM32\WINMM.dll
0x00007ffcc49e0000 - 0x00007ffcc49ea000 	C:\Windows\SYSTEM32\VERSION.dll
0x00007ffccb100000 - 0x00007ffccb16f000 	C:\Windows\System32\WS2_32.dll
0x00007ffcc8310000 - 0x00007ffcc8328000 	C:\Windows\SYSTEM32\kernel.appcore.dll
0x00007ffcbe9c0000 - 0x00007ffcbe9d0000 	C:\Program Files\Java\jdk1.8.0_321\jre\bin\verify.dll
0x00007ffcb8fe0000 - 0x00007ffcb900b000 	C:\Program Files\Java\jdk1.8.0_321\jre\bin\java.dll
0x00007ffcb9c30000 - 0x00007ffcb9c48000 	C:\Program Files\Java\jdk1.8.0_321\jre\bin\zip.dll
0x00007ffcc6e30000 - 0x00007ffcc7051000 	C:\Windows\SYSTEM32\dbghelp.dll
0x00007ffcc95e0000 - 0x00007ffcc965f000 	C:\Windows\System32\bcryptPrimitives.dll

VM Arguments:
jvm_args: -ea -Dfile.encoding=Cp1252 
java_command: org.testng.remote.RemoteTestNG -serport 52416 -protocol json -d D:\Praveen\Selenium\GitHub\MakeMyTrip\test-output C:\Users\Dines\AppData\Local\Temp\testng-eclipse--1861117900\testng-customsuite.xml
java_class_path (initial): C:\Users\Dines\eclipse\java-2019-06\eclipse\configuration\org.eclipse.osgi\486\0\.cp\lib\testng-remote.jar;D:\Praveen\Selenium\GitHub\MakeMyTrip\target\test-classes;D:\Praveen\Selenium\GitHub\MakeMyTrip\target\classes;C:\Users\Dines\.p2\pool\plugins\org.junit.jupiter.api_5.4.0.v20190212-2109.jar;C:\Users\Dines\.p2\pool\plugins\org.junit.jupiter.engine_5.4.0.v20190212-2109.jar;C:\Users\Dines\.p2\pool\plugins\org.junit.jupiter.migrationsupport_5.4.0.v20190212-2109.jar;C:\Users\Dines\.p2\pool\plugins\org.junit.jupiter.params_5.4.0.v20190212-2109.jar;C:\Users\Dines\.p2\pool\plugins\org.junit.platform.commons_1.4.0.v20190212-2109.jar;C:\Users\Dines\.p2\pool\plugins\org.junit.platform.engine_1.4.0.v20190212-2109.jar;C:\Users\Dines\.p2\pool\plugins\org.junit.platform.launcher_1.4.0.v20190212-2109.jar;C:\Users\Dines\.p2\pool\plugins\org.junit.platform.runner_1.4.0.v20190212-2109.jar;C:\Users\Dines\.p2\pool\plugins\org.junit.platform.suite.api_1.4.0.v20190212-2109.jar;C:\Users\Dines\.p2\pool\plugins\org.junit.vintage.engine_5.4.0.v20190212-2109.jar;C:\Users\Dines\.p2\pool\plugins\org.opentest4j_1.1.1.v20190212-2109.jar;C:\Users\Dines\.p2\pool\plugins\org.apiguardian_1.0.0.v20190212-2109.jar;C:\Users\Dines\.p2\pool\plugins\org.junit_4.12.0.v201504281640\junit.jar;C:\Users\Dines\.p2\pool\plugins\org.hamcrest.core_1.3.0.v20180420-1519.jar;C:\Users\Dines\.m2\repository\junit\junit\4.12\junit-4.12.jar;C:\Users\Dines\.m2\repository\org\hamcrest\hamcrest-core\1.3\hamcrest-core-1.3.jar;C:\Users\Dines\.m2\repository\org\apache\poi\poi\4.1.1\poi-4.1.1.jar;C:\Users\Dines\.m2\repository\commons-codec\commons-codec\1.13\commons-codec-1.13.jar;C:\Users\Dines\.m2\repository\org\apache\commons\commons-collections4\4.4\commons-collections4-4.4.jar;C:\Users\Dines\.m2\repository\org\apache\commons\commons-math3\3.6.1\commons-math3-3.6.1.jar;C:\Users\Dines\.m2\repository\org\apache\poi\poi-ooxml\4.1.0\poi-ooxml-4.1.0.jar;C:\Users\Dines\.m2\repository\org\apache\poi\
Launcher Type: SUN_STANDARD

Environment Variables:
PATH=C:/Program Files/Java/jre1.8.0_333/bin/server;C:/Program Files/Java/jre1.8.0_333/bin;C:/Program Files/Java/jre1.8.0_333/lib/amd64;C:\oraclexe\app\oracle\product\10.2.0\server\bin;C:\Program Files (x86)\Common Files\Oracle\Java\javapath;C:\Windows\system32;C:\Windows;C:\Windows\System32\Wbem;C:\Windows\System32\WindowsPowerShell\v1.0\;C:\Windows\System32\OpenSSH\;C:\Program Files\Git\cmd;C:\Users\Dines\AppData\Local\Microsoft\WindowsApps;;C:\Users\Dines\OneDrive\Desktop;
USERNAME=Dines
OS=Windows_NT
PROCESSOR_IDENTIFIER=Intel64 Family 6 Model 158 Stepping 10, GenuineIntel



---------------  S Y S T E M  ---------------

OS: Windows 11 , 64 bit Build 22000 (10.0.22000.708)

CPU:total 8 (initial active 8) (4 cores per cpu, 2 threads per core) family 6 model 158 stepping 10, cmov, cx8, fxsr, mmx, sse, sse2, sse3, ssse3, sse4.1, sse4.2, popcnt, avx, avx2, aes, clmul, erms, 3dnowpref, lzcnt, ht, tsc, tscinvbit, bmi1, bmi2, adx

Memory: 4k page, physical 8259892k(593844k free), swap 25334064k(5404k free)

vm_info: Java HotSpot(TM) 64-Bit Server VM (25.321-b07) for windows-amd64 JRE (1.8.0_321-b07), built on Dec 15 2021 11:19:20 by "java_re" with MS VC++ 15.9 (VS2017)

time: Thu Jul 21 12:53:35 2022
timezone: India Standard Time
elapsed time: 0.212914 seconds (0d 0h 0m 0s)

